Case #1: our language is impossible to understand
Case #2: there are twenty six factorial possibilities
Case #3: so it is okay if you want to just give up
Case #4: xoggk d yl wxo vkkvgo ekso uyl wonw sywy
Case #5: xkf yto akj
Case #6: yabba dabba yabba dabba yabba dabba yabba dabba yabba dabba yabba dabba yabba dabba yabba dooooooooo
Case #7: a b c d e f g h i j k l m n o p q r s t u v y w x y z now i know my abcs
Case #8: next time wont you sing with me
Case #9: right i forgot here in the states you call it a sausage in the mouth
Case #10: you better cut the pizza in four pieces because im not hungry enough to eat six
Case #11: let lips do what hands do
Case #12: how are you holding up because im a potato
Case #13: im commander shepard and this is my favorite problem on the google code jam
Case #14: whoooooooooooooooooooaaaaaaaaa i know c plus plus
Case #15: each of us has his own special gift and you know this was meant to be true
Case #16: and if you dont underestimate me i wont underestimate you
Case #17: this here is gunpowder activated twenty seven caliber full auto no kickback nailthrowing mayhem
Case #18: you want sell things at me boing zooom
Case #19: thank you but the real googlerese is in another castle
Case #20: now that you know googlerese please do not use it to hack into our systems
Case #21: i have bested fruit spike and moon now i shall best you the guy
Case #22: my name is dug i have just met you and i looove you
Case #23: you pissed off the chicken lady
Case #24: this is so exciting i have to go the bathroom
Case #25: by the pricking of my thumbs something wicked this way comes
Case #26: oh yeah alright were gonna shake it up with the party bear tonight
Case #27: pneumonoultramicroscopicsilicovolcanoconiosis
Case #28: f of two equals f of one equals one
Case #29: for i between three and n f of i equals f of i minus one plus f of i minus two
Case #30: in a world of direwolves and lions sometimes the rarest creature is a friend
